Determining if the pthread_create exist failed with the following output:
Change Dir: /home/aladdinmck/ROS/catkin_ws/build/CMakeFiles/CMakeTmp

Run Build Command:"/usr/bin/make" "cmTC_2c530/fast"
/usr/bin/make -f CMakeFiles/cmTC_2c530.dir/build.make CMakeFiles/cmTC_2c530.dir/build
make[1]: Entering directory '/home/aladdinmck/ROS/catkin_ws/build/CMakeFiles/CMakeTmp'
Building C object CMakeFiles/cmTC_2c530.dir/CheckSymbolExists.c.o
/usr/bin/cc    -o CMakeFiles/cmTC_2c530.dir/CheckSymbolExists.c.o   -c /home/aladdinmck/ROS/catkin_ws/build/CMakeFiles/CMakeTmp/CheckSymbolExists.c
Linking C executable cmTC_2c530
/usr/bin/cmake -E cmake_link_script CMakeFiles/cmTC_2c530.dir/link.txt --verbose=1
/usr/bin/cc      -rdynamic CMakeFiles/cmTC_2c530.dir/CheckSymbolExists.c.o  -o cmTC_2c530 
CMakeFiles/cmTC_2c530.dir/CheckSymbolExists.c.o: In function `main':
CheckSymbolExists.c:(.text+0x1b): undefined reference to `pthread_create'
collect2: error: ld returned 1 exit status
CMakeFiles/cmTC_2c530.dir/build.make:97: recipe for target 'cmTC_2c530' failed
make[1]: *** [cmTC_2c530] Error 1
make[1]: Leaving directory '/home/aladdinmck/ROS/catkin_ws/build/CMakeFiles/CMakeTmp'
Makefile:126: recipe for target 'cmTC_2c530/fast' failed
make: *** [cmTC_2c530/fast] Error 2

File /home/aladdinmck/ROS/catkin_ws/build/CMakeFiles/CMakeTmp/CheckSymbolExists.c:
/* */
#include <pthread.h>

int main(int argc, char** argv)
{
  (void)argv;
#ifndef pthread_create
  return ((int*)(&pthread_create))[argc];
#else
  (void)argc;
  return 0;
#endif
}

Determining if the function pthread_create exists in the pthreads failed with the following output:
Change Dir: /home/aladdinmck/ROS/catkin_ws/build/CMakeFiles/CMakeTmp

Run Build Command:"/usr/bin/make" "cmTC_8346b/fast"
/usr/bin/make -f CMakeFiles/cmTC_8346b.dir/build.make CMakeFiles/cmTC_8346b.dir/build
make[1]: Entering directory '/home/aladdinmck/ROS/catkin_ws/build/CMakeFiles/CMakeTmp'
Building C object CMakeFiles/cmTC_8346b.dir/CheckFunctionExists.c.o
/usr/bin/cc   -DCHECK_FUNCTION_EXISTS=pthread_create   -o CMakeFiles/cmTC_8346b.dir/CheckFunctionExists.c.o   -c /usr/share/cmake-3.10/Modules/CheckFunctionExists.c
Linking C executable cmTC_8346b
/usr/bin/cmake -E cmake_link_script CMakeFiles/cmTC_8346b.dir/link.txt --verbose=1
/usr/bin/cc  -DCHECK_FUNCTION_EXISTS=pthread_create    -rdynamic CMakeFiles/cmTC_8346b.dir/CheckFunctionExists.c.o  -o cmTC_8346b -lpthreads 
/usr/bin/ld: cannot find -lpthreads
collect2: error: ld returned 1 exit status
CMakeFiles/cmTC_8346b.dir/build.make:97: recipe for target 'cmTC_8346b' failed
make[1]: *** [cmTC_8346b] Error 1
make[1]: Leaving directory '/home/aladdinmck/ROS/catkin_ws/build/CMakeFiles/CMakeTmp'
Makefile:126: recipe for target 'cmTC_8346b/fast' failed
make: *** [cmTC_8346b/fast] Error 2


